2026-02-01 17:08:58 | INFO | [2026-02-01T14:08:58Z] START update attempt=1/3
2026-02-01 17:08:58 | INFO | CMD: /Users/santechniqueue/Documents/Private/Dev/envs/architecture-pro-quantum-forge/bin/python3 /Users/santechniqueue/Documents/Private/Dev/YandexArchitecture/architecture-pro-quantum-forge/apps/index_builder/build_index.py --kb_dir knowledge_base/renamed --out_dir knowledge_base/index --model intfloat/multilingual-e5-base --chunk_size 1400 --chunk_overlap 200 --batch 64 --mode incremental --index_kind ivf --nlist 64 --nprobe 8
2026-02-01 17:09:51 | INFO | DONE (incremental)
2026-02-01 17:09:51 | INFO | Index:  /Users/santechniqueue/Documents/Private/Dev/YandexArchitecture/architecture-pro-quantum-forge/knowledge_base/index/faiss.index
2026-02-01 17:09:51 | INFO | Chunks: /Users/santechniqueue/Documents/Private/Dev/YandexArchitecture/architecture-pro-quantum-forge/knowledge_base/index/chunks.jsonl
2026-02-01 17:09:51 | INFO | State:  /Users/santechniqueue/Documents/Private/Dev/YandexArchitecture/architecture-pro-quantum-forge/knowledge_base/index/index_state.json
2026-02-01 17:09:51 | INFO | Meta:   /Users/santechniqueue/Documents/Private/Dev/YandexArchitecture/architecture-pro-quantum-forge/knowledge_base/index/index_meta.json
2026-02-01 17:09:51 | INFO | Files: +2 ~0 -0 | Vectors: -0 +2 | Time: 49.924s
2026-02-01 17:09:52 | WARNING | Chunking:   0%|          | 0/35 [00:00<?, ?it/s]
2026-02-01 17:09:52 | WARNING | Chunking:  91%|█████████▏| 32/35 [00:00<00:00, 318.23it/s]
2026-02-01 17:09:52 | WARNING |                                                           
2026-02-01 17:09:52 | WARNING | Loading weights:   0%|          | 0/199 [00:00<?, ?it/s]
2026-02-01 17:09:52 | WARNING | Loading weights:   1%|          | 1/199 [00:00<00:00, 17924.38it/s, Materializing param=embeddings.LayerNorm.bias]
2026-02-01 17:09:52 | WARNING | Loading weights:   1%|          | 1/199 [00:00<00:00, 9619.96it/s, Materializing param=embeddings.LayerNorm.bias] 
2026-02-01 17:09:52 | WARNING | Loading weights:   1%|          | 2/199 [00:00<00:00, 11507.01it/s, Materializing param=embeddings.LayerNorm.weight]
2026-02-01 17:09:52 | WARNING | Loading weights:   1%|          | 2/199 [00:00<00:00, 8848.74it/s, Materializing param=embeddings.LayerNorm.weight] 
2026-02-01 17:09:52 | WARNING | Loading weights:   2%|▏         | 3/199 [00:00<00:00, 4098.67it/s, Materializing param=embeddings.position_embeddings.weight]
2026-02-01 17:09:52 | WARNING | Loading weights:   2%|▏         | 3/199 [00:00<00:00, 3892.02it/s, Materializing param=embeddings.position_embeddings.weight]
2026-02-01 17:09:52 | WARNING | Loading weights:   2%|▏         | 4/199 [00:00<00:00, 4712.70it/s, Materializing param=embeddings.token_type_embeddings.weight]
2026-02-01 17:09:52 | WARNING | Loading weights:   2%|▏         | 4/199 [00:00<00:00, 4500.33it/s, Materializing param=embeddings.token_type_embeddings.weight]
2026-02-01 17:09:52 | WARNING | Loading weights:   3%|▎         | 5/199 [00:00<00:00, 4583.94it/s, Materializing param=embeddings.word_embeddings.weight]      
2026-02-01 17:09:52 | WARNING | Loading weights:   3%|▎         | 5/199 [00:00<00:00, 4393.78it/s, Materializing param=embeddings.word_embeddings.weight]
2026-02-01 17:09:52 | WARNING | Loading weights:   3%|▎         | 6/199 [00:00<00:00, 4890.37it/s, Materializing param=encoder.layer.0.attention.output.LayerNorm.bias]
2026-02-01 17:09:52 | WARNING | Loading weights:   3%|▎         | 6/199 [00:00<00:00, 4788.93it/s, Materializing param=encoder.layer.0.attention.output.LayerNorm.bias]
2026-02-01 17:09:52 | WARNING | Loading weights:   4%|▎         | 7/199 [00:00<00:00, 5263.56it/s, Materializing param=encoder.layer.0.attention.output.LayerNorm.weight]
2026-02-01 17:09:52 | WARNING | Loading weights:   4%|▎         | 7/199 [00:00<00:00, 5155.42it/s, Materializing param=encoder.layer.0.attention.output.LayerNorm.weight]
2026-02-01 17:09:52 | WARNING | Loading weights:   4%|▍         | 8/199 [00:00<00:00, 5563.66it/s, Materializing param=encoder.layer.0.attention.output.dense.bias]      
2026-02-01 17:09:52 | WARNING | Loading weights:   4%|▍         | 8/199 [00:00<00:00, 5438.32it/s, Materializing param=encoder.layer.0.attention.output.dense.bias]
2026-02-01 17:09:52 | WARNING | Loading weights:   5%|▍         | 9/199 [00:00<00:00, 5901.93it/s, Materializing param=encoder.layer.0.attention.output.dense.weight]
2026-02-01 17:09:52 | WARNING | Loading weights:   5%|▍         | 9/199 [00:00<00:00, 5817.34it/s, Materializing param=encoder.layer.0.attention.output.dense.weight]
2026-02-01 17:09:52 | WARNING | Loading weights:   5%|▌         | 10/199 [00:00<00:00, 5342.38it/s, Materializing param=encoder.layer.0.attention.self.key.bias]     
2026-02-01 17:09:52 | WARNING | Loading weights:   5%|▌         | 10/199 [00:00<00:00, 5208.37it/s, Materializing param=encoder.layer.0.attention.self.key.bias]
2026-02-01 17:09:52 | WARNING | Loading weights:   6%|▌         | 11/199 [00:00<00:00, 5510.91it/s, Materializing param=encoder.layer.0.attention.self.key.weight]
2026-02-01 17:09:52 | WARNING | Loading weights:   6%|▌         | 11/199 [00:00<00:00, 5440.72it/s, Materializing param=encoder.layer.0.attention.self.key.weight]
2026-02-01 17:09:52 | WARNING | Loading weights:   6%|▌         | 12/199 [00:00<00:00, 5799.91it/s, Materializing param=encoder.layer.0.attention.self.query.bias]
2026-02-01 17:09:52 | WARNING | Loading weights:   6%|▌         | 12/199 [00:00<00:00, 5739.07it/s, Materializing param=encoder.layer.0.attention.self.query.bias]
2026-02-01 17:09:52 | WARNING | Loading weights:   7%|▋         | 13/199 [00:00<00:00, 6088.88it/s, Materializing param=encoder.layer.0.attention.self.query.weight]
2026-02-01 17:09:52 | WARNING | Loading weights:   7%|▋         | 13/199 [00:00<00:00, 6029.63it/s, Materializing param=encoder.layer.0.attention.self.query.weight]
2026-02-01 17:09:52 | WARNING | Loading weights:   7%|▋         | 14/199 [00:00<00:00, 5586.55it/s, Materializing param=encoder.layer.0.attention.self.value.bias]  
2026-02-01 17:09:52 | WARNING | Loading weights:   7%|▋         | 14/199 [00:00<00:00, 5535.99it/s, Materializing param=encoder.layer.0.attention.self.value.bias]
2026-02-01 17:09:52 | WARNING | Loading weights:   8%|▊         | 15/199 [00:00<00:00, 5776.22it/s, Materializing param=encoder.layer.0.attention.self.value.weight]
2026-02-01 17:09:52 | WARNING | Loading weights:   8%|▊         | 15/199 [00:00<00:00, 5718.47it/s, Materializing param=encoder.layer.0.attention.self.value.weight]
2026-02-01 17:09:52 | WARNING | Loading weights:   8%|▊         | 16/199 [00:00<00:00, 5865.13it/s, Materializing param=encoder.layer.0.intermediate.dense.bias]    
2026-02-01 17:09:52 | WARNING | Loading weights:   8%|▊         | 16/199 [00:00<00:00, 5816.33it/s, Materializing param=encoder.layer.0.intermediate.dense.bias]
2026-02-01 17:09:52 | WARNING | Loading weights:   9%|▊         | 17/199 [00:00<00:00, 6043.67it/s, Materializing param=encoder.layer.0.intermediate.dense.weight]
2026-02-01 17:09:52 | WARNING | Loading weights:   9%|▊         | 17/199 [00:00<00:00, 5994.38it/s, Materializing param=encoder.layer.0.intermediate.dense.weight]
2026-02-01 17:09:52 | WARNING | Loading weights:   9%|▉         | 18/199 [00:00<00:00, 6241.52it/s, Materializing param=encoder.layer.0.output.LayerNorm.bias]    
2026-02-01 17:09:52 | WARNING | Loading weights:   9%|▉         | 18/199 [00:00<00:00, 6189.84it/s, Materializing param=encoder.layer.0.output.LayerNorm.bias]
2026-02-01 17:09:52 | WARNING | Loading weights:  10%|▉         | 19/199 [00:00<00:00, 6049.17it/s, Materializing param=encoder.layer.0.output.LayerNorm.weight]
2026-02-01 17:09:52 | WARNING | Loading weights:  10%|▉         | 19/199 [00:00<00:00, 6011.30it/s, Materializing param=encoder.layer.0.output.LayerNorm.weight]
2026-02-01 17:09:52 | WARNING | Loading weights:  10%|█         | 20/199 [00:00<00:00, 6161.75it/s, Materializing param=encoder.layer.0.output.dense.bias]      
2026-02-01 17:09:52 | WARNING | Loading weights:  10%|█         | 20/199 [00:00<00:00, 6120.39it/s, Materializing param=encoder.layer.0.output.dense.bias]
2026-02-01 17:09:52 | WARNING | Loading weights:  11%|█         | 21/199 [00:00<00:00, 5998.80it/s, Materializing param=encoder.layer.0.output.dense.weight]
2026-02-01 17:09:52 | WARNING | Loading weights:  11%|█         | 21/199 [00:00<00:00, 5959.43it/s, Materializing param=encoder.layer.0.output.dense.weight]
2026-02-01 17:09:52 | WARNING | Loading weights:  11%|█         | 22/199 [00:00<00:00, 5724.95it/s, Materializing param=encoder.layer.1.attention.output.LayerNorm.bias]
2026-02-01 17:09:52 | WARNING | Loading weights:  11%|█         | 22/199 [00:00<00:00, 5690.70it/s, Materializing param=encoder.layer.1.attention.output.LayerNorm.bias]
2026-02-01 17:09:52 | WARNING | Loading weights:  12%|█▏        | 23/199 [00:00<00:00, 5587.87it/s, Materializing param=encoder.layer.1.attention.output.LayerNorm.weight]
2026-02-01 17:09:52 | WARNING | Loading weights:  12%|█▏        | 23/199 [00:00<00:00, 5543.56it/s, Materializing param=encoder.layer.1.attention.output.LayerNorm.weight]
2026-02-01 17:09:52 | WARNING | Loading weights:  12%|█▏        | 24/199 [00:00<00:00, 5668.30it/s, Materializing param=encoder.layer.1.attention.output.dense.bias]      
2026-02-01 17:09:52 | WARNING | Loading weights:  12%|█▏        | 24/199 [00:00<00:00, 5635.30it/s, Materializing param=encoder.layer.1.attention.output.dense.bias]
2026-02-01 17:09:52 | WARNING | Loading weights:  13%|█▎        | 25/199 [00:00<00:00, 5437.26it/s, Materializing param=encoder.layer.1.attention.output.dense.weight]
2026-02-01 17:09:52 | WARNING | Loading weights:  13%|█▎        | 25/199 [00:00<00:00, 5407.82it/s, Materializing param=encoder.layer.1.attention.output.dense.weight]
2026-02-01 17:09:52 | WARNING | Loading weights:  13%|█▎        | 26/199 [00:00<00:00, 5568.70it/s, Materializing param=encoder.layer.1.attention.self.key.bias]      
2026-02-01 17:09:52 | WARNING | Loading weights:  13%|█▎        | 26/199 [00:00<00:00, 5540.13it/s, Materializing param=encoder.layer.1.attention.self.key.bias]
2026-02-01 17:09:52 | WARNING | Loading weights:  14%|█▎        | 27/199 [00:00<00:00, 5457.91it/s, Materializing param=encoder.layer.1.attention.self.key.weight]
2026-02-01 17:09:52 | WARNING | Loading weights:  14%|█▎        | 27/199 [00:00<00:00, 5424.97it/s, Materializing param=encoder.layer.1.attention.self.key.weight]
2026-02-01 17:09:52 | WARNING | Loading weights:  14%|█▍        | 28/199 [00:00<00:00, 5541.48it/s, Materializing param=encoder.layer.1.attention.self.query.bias]
2026-02-01 17:09:52 | WARNING | Loading weights:  14%|█▍        | 28/199 [00:00<00:00, 5512.09it/s, Materializing param=encoder.layer.1.attention.self.query.bias]
2026-02-01 17:09:52 | WARNING | Loading weights:  15%|█▍        | 29/199 [00:00<00:00, 5408.64it/s, Materializing param=encoder.layer.1.attention.self.query.weight]
2026-02-01 17:09:52 | WARNING | Loading weights:  15%|█▍        | 29/199 [00:00<00:00, 5377.55it/s, Materializing param=encoder.layer.1.attention.self.query.weight]
2026-02-01 17:09:52 | WARNING | Loading weights:  15%|█▌        | 30/199 [00:00<00:00, 5513.74it/s, Materializing param=encoder.layer.1.attention.self.value.bias]  
2026-02-01 17:09:52 | WARNING | Loading weights:  15%|█▌        | 30/199 [00:00<00:00, 5489.69it/s, Materializing param=encoder.layer.1.attention.self.value.bias]
2026-02-01 17:09:52 | WARNING | Loading weights:  16%|█▌        | 31/199 [00:00<00:00, 5373.53it/s, Materializing param=encoder.layer.1.attention.self.value.weight]
2026-02-01 17:09:52 | WARNING | Loading weights:  16%|█▌        | 31/199 [00:00<00:00, 5351.20it/s, Materializing param=encoder.layer.1.attention.self.value.weight]
2026-02-01 17:09:52 | WARNING | Loading weights:  16%|█▌        | 32/199 [00:00<00:00, 5172.17it/s, Materializing param=encoder.layer.1.intermediate.dense.bias]    
2026-02-01 17:09:52 | WARNING | Loading weights:  16%|█▌        | 32/199 [00:00<00:00, 5153.89it/s, Materializing param=encoder.layer.1.intermediate.dense.bias]
2026-02-01 17:09:52 | WARNING | Loading weights:  17%|█▋        | 33/199 [00:00<00:00, 5247.45it/s, Materializing param=encoder.layer.1.intermediate.dense.weight]
2026-02-01 17:09:52 | WARNING | Loading weights:  17%|█▋        | 33/199 [00:00<00:00, 5228.23it/s, Materializing param=encoder.layer.1.intermediate.dense.weight]
2026-02-01 17:09:52 | WARNING | Loading weights:  17%|█▋        | 34/199 [00:00<00:00, 5215.46it/s, Materializing param=encoder.layer.1.output.LayerNorm.bias]    
2026-02-01 17:09:52 | WARNING | Loading weights:  17%|█▋        | 34/199 [00:00<00:00, 5199.49it/s, Materializing param=encoder.layer.1.output.LayerNorm.bias]
2026-02-01 17:09:52 | WARNING | Loading weights:  18%|█▊        | 35/199 [00:00<00:00, 5301.38it/s, Materializing param=encoder.layer.1.output.LayerNorm.weight]
2026-02-01 17:09:52 | WARNING | Loading weights:  18%|█▊        | 35/199 [00:00<00:00, 5284.59it/s, Materializing param=encoder.layer.1.output.LayerNorm.weight]
2026-02-01 17:09:52 | WARNING | Loading weights:  18%|█▊        | 36/199 [00:00<00:00, 5365.85it/s, Materializing param=encoder.layer.1.output.dense.bias]      
2026-02-01 17:09:52 | WARNING | Loading weights:  18%|█▊        | 36/199 [00:00<00:00, 5348.36it/s, Materializing param=encoder.layer.1.output.dense.bias]
2026-02-01 17:09:52 | WARNING | Loading weights:  19%|█▊        | 37/199 [00:00<00:00, 5463.64it/s, Materializing param=encoder.layer.1.output.dense.weight]
2026-02-01 17:09:52 | WARNING | Loading weights:  19%|█▊        | 37/199 [00:00<00:00, 5446.77it/s, Materializing param=encoder.layer.1.output.dense.weight]
2026-02-01 17:09:52 | WARNING | Loading weights:  19%|█▉        | 38/199 [00:00<00:00, 5562.16it/s, Materializing param=encoder.layer.2.attention.output.LayerNorm.bias]
2026-02-01 17:09:52 | WARNING | Loading weights:  19%|█▉        | 38/199 [00:00<00:00, 5545.90it/s, Materializing param=encoder.layer.2.attention.output.LayerNorm.bias]
2026-02-01 17:09:52 | WARNING | Loading weights:  20%|█▉        | 39/199 [00:00<00:00, 5653.87it/s, Materializing param=encoder.layer.2.attention.output.LayerNorm.weight]
2026-02-01 17:09:52 | WARNING | Loading weights:  20%|█▉        | 39/199 [00:00<00:00, 5638.48it/s, Materializing param=encoder.layer.2.attention.output.LayerNorm.weight]
2026-02-01 17:09:52 | WARNING | Loading weights:  20%|██        | 40/199 [00:00<00:00, 5750.35it/s, Materializing param=encoder.layer.2.attention.output.dense.bias]      
2026-02-01 17:09:52 | WARNING | Loading weights:  20%|██        | 40/199 [00:00<00:00, 5734.04it/s, Materializing param=encoder.layer.2.attention.output.dense.bias]
2026-02-01 17:09:52 | WARNING | Loading weights:  21%|██        | 41/199 [00:00<00:00, 5615.78it/s, Materializing param=encoder.layer.2.attention.output.dense.weight]
2026-02-01 17:09:52 | WARNING | Loading weights:  21%|██        | 41/199 [00:00<00:00, 5598.96it/s, Materializing param=encoder.layer.2.attention.output.dense.weight]
2026-02-01 17:09:52 | WARNING | Loading weights:  21%|██        | 42/199 [00:00<00:00, 5687.38it/s, Materializing param=encoder.layer.2.attention.self.key.bias]      
2026-02-01 17:09:52 | WARNING | Loading weights:  21%|██        | 42/199 [00:00<00:00, 5671.99it/s, Materializing param=encoder.layer.2.attention.self.key.bias]
2026-02-01 17:09:52 | WARNING | Loading weights:  22%|██▏       | 43/199 [00:00<00:00, 5777.28it/s, Materializing param=encoder.layer.2.attention.self.key.weight]
2026-02-01 17:09:52 | WARNING | Loading weights:  22%|██▏       | 43/199 [00:00<00:00, 5762.70it/s, Materializing param=encoder.layer.2.attention.self.key.weight]
2026-02-01 17:09:52 | WARNING | Loading weights:  22%|██▏       | 44/199 [00:00<00:00, 5846.46it/s, Materializing param=encoder.layer.2.attention.self.query.bias]
2026-02-01 17:09:52 | WARNING | Loading weights:  22%|██▏       | 44/199 [00:00<00:00, 5830.21it/s, Materializing param=encoder.layer.2.attention.self.query.bias]
2026-02-01 17:09:52 | WARNING | Loading weights:  23%|██▎       | 45/199 [00:00<00:00, 5904.14it/s, Materializing param=encoder.layer.2.attention.self.query.weight]
2026-02-01 17:09:52 | WARNING | Loading weights:  23%|██▎       | 45/199 [00:00<00:00, 5885.55it/s, Materializing param=encoder.layer.2.attention.self.query.weight]
2026-02-01 17:09:52 | WARNING | Loading weights:  23%|██▎       | 46/199 [00:00<00:00, 5844.30it/s, Materializing param=encoder.layer.2.attention.self.value.bias]  
2026-02-01 17:09:52 | WARNING | Loading weights:  23%|██▎       | 46/199 [00:00<00:00, 5829.47it/s, Materializing param=encoder.layer.2.attention.self.value.bias]
2026-02-01 17:09:52 | WARNING | Loading weights:  24%|██▎       | 47/199 [00:00<00:00, 5928.43it/s, Materializing param=encoder.layer.2.attention.self.value.weight]
2026-02-01 17:09:52 | WARNING | Loading weights:  24%|██▎       | 47/199 [00:00<00:00, 5914.21it/s, Materializing param=encoder.layer.2.attention.self.value.weight]
2026-02-01 17:09:52 | WARNING | Loading weights:  24%|██▍       | 48/199 [00:00<00:00, 6012.98it/s, Materializing param=encoder.layer.2.intermediate.dense.bias]    
2026-02-01 17:09:52 | WARNING | Loading weights:  24%|██▍       | 48/199 [00:00<00:00, 5999.18it/s, Materializing param=encoder.layer.2.intermediate.dense.bias]
2026-02-01 17:09:52 | WARNING | Loading weights:  25%|██▍       | 49/199 [00:00<00:00, 6074.93it/s, Materializing param=encoder.layer.2.intermediate.dense.weight]
2026-02-01 17:09:52 | WARNING | Loading weights:  25%|██▍       | 49/199 [00:00<00:00, 6059.88it/s, Materializing param=encoder.layer.2.intermediate.dense.weight]
2026-02-01 17:09:52 | WARNING | Loading weights:  25%|██▌       | 50/199 [00:00<00:00, 6144.78it/s, Materializing param=encoder.layer.2.output.LayerNorm.bias]    
2026-02-01 17:09:52 | WARNING | Loading weights:  25%|██▌       | 50/199 [00:00<00:00, 6128.26it/s, Materializing param=encoder.layer.2.output.LayerNorm.bias]
2026-02-01 17:09:52 | WARNING | Loading weights:  26%|██▌       | 51/199 [00:00<00:00, 6057.19it/s, Materializing param=encoder.layer.2.output.LayerNorm.weight]
2026-02-01 17:09:52 | WARNING | Loading weights:  26%|██▌       | 51/199 [00:00<00:00, 6042.81it/s, Materializing param=encoder.layer.2.output.LayerNorm.weight]
2026-02-01 17:09:52 | WARNING | Loading weights:  26%|██▌       | 52/199 [00:00<00:00, 6016.49it/s, Materializing param=encoder.layer.2.output.dense.bias]      
2026-02-01 17:09:52 | WARNING | Loading weights:  26%|██▌       | 52/199 [00:00<00:00, 5999.94it/s, Materializing param=encoder.layer.2.output.dense.bias]
2026-02-01 17:09:52 | WARNING | Loading weights:  27%|██▋       | 53/199 [00:00<00:00, 6080.70it/s, Materializing param=encoder.layer.2.output.dense.weight]
2026-02-01 17:09:52 | WARNING | Loading weights:  27%|██▋       | 53/199 [00:00<00:00, 6066.92it/s, Materializing param=encoder.layer.2.output.dense.weight]
2026-02-01 17:09:52 | WARNING | Loading weights:  27%|██▋       | 54/199 [00:00<00:00, 6002.82it/s, Materializing param=encoder.layer.3.attention.output.LayerNorm.bias]
2026-02-01 17:09:52 | WARNING | Loading weights:  27%|██▋       | 54/199 [00:00<00:00, 5988.06it/s, Materializing param=encoder.layer.3.attention.output.LayerNorm.bias]
2026-02-01 17:09:52 | WARNING | Loading weights:  28%|██▊       | 55/199 [00:00<00:00, 6060.66it/s, Materializing param=encoder.layer.3.attention.output.LayerNorm.weight]
2026-02-01 17:09:52 | WARNING | Loading weights:  28%|██▊       | 55/199 [00:00<00:00, 6046.68it/s, Materializing param=encoder.layer.3.attention.output.LayerNorm.weight]
2026-02-01 17:09:52 | WARNING | Loading weights:  28%|██▊       | 56/199 [00:00<00:00, 6030.63it/s, Materializing param=encoder.layer.3.attention.output.dense.bias]      
2026-02-01 17:09:52 | WARNING | Loading weights:  28%|██▊       | 56/199 [00:00<00:00, 6017.04it/s, Materializing param=encoder.layer.3.attention.output.dense.bias]
2026-02-01 17:09:52 | WARNING | Loading weights:  29%|██▊       | 57/199 [00:00<00:00, 6080.09it/s, Materializing param=encoder.layer.3.attention.output.dense.weight]
2026-02-01 17:09:52 | WARNING | Loading weights:  29%|██▊       | 57/199 [00:00<00:00, 6065.13it/s, Materializing param=encoder.layer.3.attention.output.dense.weight]
2026-02-01 17:09:52 | WARNING | Loading weights:  29%|██▉       | 58/199 [00:00<00:00, 6138.21it/s, Materializing param=encoder.layer.3.attention.self.key.bias]      
2026-02-01 17:09:52 | WARNING | Loading weights:  29%|██▉       | 58/199 [00:00<00:00, 6124.00it/s, Materializing param=encoder.layer.3.attention.self.key.bias]
2026-02-01 17:09:52 | WARNING | Loading weights:  30%|██▉       | 59/199 [00:00<00:00, 6202.73it/s, Materializing param=encoder.layer.3.attention.self.key.weight]
2026-02-01 17:09:52 | WARNING | Loading weights:  30%|██▉       | 59/199 [00:00<00:00, 6189.69it/s, Materializing param=encoder.layer.3.attention.self.key.weight]
2026-02-01 17:09:52 | WARNING | Loading weights:  30%|███       | 60/199 [00:00<00:00, 6261.87it/s, Materializing param=encoder.layer.3.attention.self.query.bias]
2026-02-01 17:09:52 | WARNING | Loading weights:  30%|███       | 60/199 [00:00<00:00, 6248.65it/s, Materializing param=encoder.layer.3.attention.self.query.bias]
2026-02-01 17:09:52 | WARNING | Loading weights:  31%|███       | 61/199 [00:00<00:00, 6286.15it/s, Materializing param=encoder.layer.3.attention.self.query.weight]
2026-02-01 17:09:52 | WARNING | Loading weights:  31%|███       | 61/199 [00:00<00:00, 6272.59it/s, Materializing param=encoder.layer.3.attention.self.query.weight]
2026-02-01 17:09:52 | WARNING | Loading weights:  31%|███       | 62/199 [00:00<00:00, 6179.67it/s, Materializing param=encoder.layer.3.attention.self.value.bias]  
2026-02-01 17:09:52 | WARNING | Loading weights:  31%|███       | 62/199 [00:00<00:00, 6166.78it/s, Materializing param=encoder.layer.3.attention.self.value.bias]
2026-02-01 17:09:52 | WARNING | Loading weights:  32%|███▏      | 63/199 [00:00<00:00, 6235.34it/s, Materializing param=encoder.layer.3.attention.self.value.weight]
2026-02-01 17:09:52 | WARNING | Loading weights:  32%|███▏      | 63/199 [00:00<00:00, 6222.86it/s, Materializing param=encoder.layer.3.attention.self.value.weight]
2026-02-01 17:09:52 | WARNING | Loading weights:  32%|███▏      | 64/199 [00:00<00:00, 6173.48it/s, Materializing param=encoder.layer.3.intermediate.dense.bias]    
2026-02-01 17:09:52 | WARNING | Loading weights:  32%|███▏      | 64/199 [00:00<00:00, 6161.02it/s, Materializing param=encoder.layer.3.intermediate.dense.bias]
2026-02-01 17:09:52 | WARNING | Loading weights:  33%|███▎      | 65/199 [00:00<00:00, 6205.86it/s, Materializing param=encoder.layer.3.intermediate.dense.weight]
2026-02-01 17:09:52 | WARNING | Loading weights:  33%|███▎      | 65/199 [00:00<00:00, 6194.72it/s, Materializing param=encoder.layer.3.intermediate.dense.weight]
2026-02-01 17:09:52 | WARNING | Loading weights:  33%|███▎      | 66/199 [00:00<00:00, 6158.49it/s, Materializing param=encoder.layer.3.output.LayerNorm.bias]    
2026-02-01 17:09:52 | WARNING | Loading weights:  33%|███▎      | 66/199 [00:00<00:00, 6147.00it/s, Materializing param=encoder.layer.3.output.LayerNorm.bias]
2026-02-01 17:09:52 | WARNING | Loading weights:  34%|███▎      | 67/199 [00:00<00:00, 6215.85it/s, Materializing param=encoder.layer.3.output.LayerNorm.weight]
2026-02-01 17:09:52 | WARNING | Loading weights:  34%|███▎      | 67/199 [00:00<00:00, 6204.32it/s, Materializing param=encoder.layer.3.output.LayerNorm.weight]
2026-02-01 17:09:52 | WARNING | Loading weights:  34%|███▍      | 68/199 [00:00<00:00, 6147.22it/s, Materializing param=encoder.layer.3.output.dense.bias]      
2026-02-01 17:09:52 | WARNING | Loading weights:  34%|███▍      | 68/199 [00:00<00:00, 6134.40it/s, Materializing param=encoder.layer.3.output.dense.bias]
2026-02-01 17:09:52 | WARNING | Loading weights:  35%|███▍      | 69/199 [00:00<00:00, 6176.78it/s, Materializing param=encoder.layer.3.output.dense.weight]
2026-02-01 17:09:52 | WARNING | Loading weights:  35%|███▍      | 69/199 [00:00<00:00, 6164.15it/s, Materializing param=encoder.layer.3.output.dense.weight]
2026-02-01 17:09:52 | WARNING | Loading weights:  35%|███▌      | 70/199 [00:00<00:00, 6132.28it/s, Materializing param=encoder.layer.4.attention.output.LayerNorm.bias]
2026-02-01 17:09:52 | WARNING | Loading weights:  35%|███▌      | 70/199 [00:00<00:00, 6121.54it/s, Materializing param=encoder.layer.4.attention.output.LayerNorm.bias]
2026-02-01 17:09:52 | WARNING | Loading weights:  36%|███▌      | 71/199 [00:00<00:00, 6149.37it/s, Materializing param=encoder.layer.4.attention.output.LayerNorm.weight]
2026-02-01 17:09:52 | WARNING | Loading weights:  36%|███▌      | 71/199 [00:00<00:00, 6138.22it/s, Materializing param=encoder.layer.4.attention.output.LayerNorm.weight]
2026-02-01 17:09:52 | WARNING | Loading weights:  36%|███▌      | 72/199 [00:00<00:00, 6203.19it/s, Materializing param=encoder.layer.4.attention.output.dense.bias]      
2026-02-01 17:09:52 | WARNING | Loading weights:  36%|███▌      | 72/199 [00:00<00:00, 6193.01it/s, Materializing param=encoder.layer.4.attention.output.dense.bias]
2026-02-01 17:09:52 | WARNING | Loading weights:  37%|███▋      | 73/199 [00:00<00:00, 6258.11it/s, Materializing param=encoder.layer.4.attention.output.dense.weight]
2026-02-01 17:09:52 | WARNING | Loading weights:  37%|███▋      | 73/199 [00:00<00:00, 6247.38it/s, Materializing param=encoder.layer.4.attention.output.dense.weight]
2026-02-01 17:09:52 | WARNING | Loading weights:  37%|███▋      | 74/199 [00:00<00:00, 6214.41it/s, Materializing param=encoder.layer.4.attention.self.key.bias]      
2026-02-01 17:09:52 | WARNING | Loading weights:  37%|███▋      | 74/199 [00:00<00:00, 6203.97it/s, Materializing param=encoder.layer.4.attention.self.key.bias]
2026-02-01 17:09:52 | WARNING | Loading weights:  38%|███▊      | 75/199 [00:00<00:00, 6249.46it/s, Materializing param=encoder.layer.4.attention.self.key.weight]
2026-02-01 17:09:52 | WARNING | Loading weights:  38%|███▊      | 75/199 [00:00<00:00, 6239.05it/s, Materializing param=encoder.layer.4.attention.self.key.weight]
2026-02-01 17:09:52 | WARNING | Loading weights:  38%|███▊      | 76/199 [00:00<00:00, 6289.92it/s, Materializing param=encoder.layer.4.attention.self.query.bias]
2026-02-01 17:09:52 | WARNING | Loading weights:  38%|███▊      | 76/199 [00:00<00:00, 6279.52it/s, Materializing param=encoder.layer.4.attention.self.query.bias]
2026-02-01 17:09:52 | WARNING | Loading weights:  39%|███▊      | 77/199 [00:00<00:00, 6337.42it/s, Materializing param=encoder.layer.4.attention.self.query.weight]
2026-02-01 17:09:52 | WARNING | Loading weights:  39%|███▊      | 77/199 [00:00<00:00, 6327.61it/s, Materializing param=encoder.layer.4.attention.self.query.weight]
2026-02-01 17:09:52 | WARNING | Loading weights:  39%|███▉      | 78/199 [00:00<00:00, 6268.67it/s, Materializing param=encoder.layer.4.attention.self.value.bias]  
2026-02-01 17:09:52 | WARNING | Loading weights:  39%|███▉      | 78/199 [00:00<00:00, 6258.12it/s, Materializing param=encoder.layer.4.attention.self.value.bias]
2026-02-01 17:09:52 | WARNING | Loading weights:  40%|███▉      | 79/199 [00:00<00:00, 6235.18it/s, Materializing param=encoder.layer.4.attention.self.value.weight]
2026-02-01 17:09:52 | WARNING | Loading weights:  40%|███▉      | 79/199 [00:00<00:00, 6224.87it/s, Materializing param=encoder.layer.4.attention.self.value.weight]
2026-02-01 17:09:52 | WARNING | Loading weights:  40%|████      | 80/199 [00:00<00:00, 6284.43it/s, Materializing param=encoder.layer.4.intermediate.dense.bias]    
2026-02-01 17:09:52 | WARNING | Loading weights:  40%|████      | 80/199 [00:00<00:00, 6275.49it/s, Materializing param=encoder.layer.4.intermediate.dense.bias]
2026-02-01 17:09:52 | WARNING | Loading weights:  41%|████      | 81/199 [00:00<00:00, 6319.78it/s, Materializing param=encoder.layer.4.intermediate.dense.weight]
2026-02-01 17:09:52 | WARNING | Loading weights:  41%|████      | 81/199 [00:00<00:00, 6309.92it/s, Materializing param=encoder.layer.4.intermediate.dense.weight]
2026-02-01 17:09:52 | WARNING | Loading weights:  41%|████      | 82/199 [00:00<00:00, 6358.06it/s, Materializing param=encoder.layer.4.output.LayerNorm.bias]    
2026-02-01 17:09:52 | WARNING | Loading weights:  41%|████      | 82/199 [00:00<00:00, 6347.73it/s, Materializing param=encoder.layer.4.output.LayerNorm.bias]
2026-02-01 17:09:52 | WARNING | Loading weights:  42%|████▏     | 83/199 [00:00<00:00, 6301.29it/s, Materializing param=encoder.layer.4.output.LayerNorm.weight]
2026-02-01 17:09:52 | WARNING | Loading weights:  42%|████▏     | 83/199 [00:00<00:00, 6291.27it/s, Materializing param=encoder.layer.4.output.LayerNorm.weight]
2026-02-01 17:09:52 | WARNING | Loading weights:  42%|████▏     | 84/199 [00:00<00:00, 6345.39it/s, Materializing param=encoder.layer.4.output.dense.bias]      
2026-02-01 17:09:52 | WARNING | Loading weights:  42%|████▏     | 84/199 [00:00<00:00, 6335.81it/s, Materializing param=encoder.layer.4.output.dense.bias]
2026-02-01 17:09:52 | WARNING | Loading weights:  43%|████▎     | 85/199 [00:00<00:00, 6392.50it/s, Materializing param=encoder.layer.4.output.dense.weight]
2026-02-01 17:09:52 | WARNING | Loading weights:  43%|████▎     | 85/199 [00:00<00:00, 6383.91it/s, Materializing param=encoder.layer.4.output.dense.weight]
2026-02-01 17:09:52 | WARNING | Loading weights:  43%|████▎     | 86/199 [00:00<00:00, 6442.06it/s, Materializing param=encoder.layer.5.attention.output.LayerNorm.bias]
2026-02-01 17:09:52 | WARNING | Loading weights:  43%|████▎     | 86/199 [00:00<00:00, 6433.78it/s, Materializing param=encoder.layer.5.attention.output.LayerNorm.bias]
2026-02-01 17:09:52 | WARNING | Loading weights:  44%|████▎     | 87/199 [00:00<00:00, 6298.41it/s, Materializing param=encoder.layer.5.attention.output.LayerNorm.weight]
2026-02-01 17:09:52 | WARNING | Loading weights:  44%|████▎     | 87/199 [00:00<00:00, 6289.29it/s, Materializing param=encoder.layer.5.attention.output.LayerNorm.weight]
2026-02-01 17:09:52 | WARNING | Loading weights:  44%|████▍     | 88/199 [00:00<00:00, 6342.88it/s, Materializing param=encoder.layer.5.attention.output.dense.bias]      
2026-02-01 17:09:52 | WARNING | Loading weights:  44%|████▍     | 88/199 [00:00<00:00, 6334.18it/s, Materializing param=encoder.layer.5.attention.output.dense.bias]
2026-02-01 17:09:52 | WARNING | Loading weights:  45%|████▍     | 89/199 [00:00<00:00, 6389.60it/s, Materializing param=encoder.layer.5.attention.output.dense.weight]
2026-02-01 17:09:52 | WARNING | Loading weights:  45%|████▍     | 89/199 [00:00<00:00, 6380.86it/s, Materializing param=encoder.layer.5.attention.output.dense.weight]
2026-02-01 17:09:52 | WARNING | Loading weights:  45%|████▌     | 90/199 [00:00<00:00, 6380.36it/s, Materializing param=encoder.layer.5.attention.self.key.bias]      
2026-02-01 17:09:52 | WARNING | Loading weights:  45%|████▌     | 90/199 [00:00<00:00, 6371.31it/s, Materializing param=encoder.layer.5.attention.self.key.bias]
2026-02-01 17:09:52 | WARNING | Loading weights:  46%|████▌     | 91/199 [00:00<00:00, 6348.98it/s, Materializing param=encoder.layer.5.attention.self.key.weight]
2026-02-01 17:09:52 | WARNING | Loading weights:  46%|████▌     | 91/199 [00:00<00:00, 6340.65it/s, Materializing param=encoder.layer.5.attention.self.key.weight]
2026-02-01 17:09:52 | WARNING | Loading weights:  46%|████▌     | 92/199 [00:00<00:00, 6258.94it/s, Materializing param=encoder.layer.5.attention.self.query.bias]
2026-02-01 17:09:52 | WARNING | Loading weights:  46%|████▌     | 92/199 [00:00<00:00, 6250.42it/s, Materializing param=encoder.layer.5.attention.self.query.bias]
2026-02-01 17:09:52 | WARNING | Loading weights:  47%|████▋     | 93/199 [00:00<00:00, 6294.81it/s, Materializing param=encoder.layer.5.attention.self.query.weight]
2026-02-01 17:09:52 | WARNING | Loading weights:  47%|████▋     | 93/199 [00:00<00:00, 6286.79it/s, Materializing param=encoder.layer.5.attention.self.query.weight]
2026-02-01 17:09:52 | WARNING | Loading weights:  47%|████▋     | 94/199 [00:00<00:00, 6326.55it/s, Materializing param=encoder.layer.5.attention.self.value.bias]  
2026-02-01 17:09:52 | WARNING | Loading weights:  47%|████▋     | 94/199 [00:00<00:00, 6317.63it/s, Materializing param=encoder.layer.5.attention.self.value.bias]
2026-02-01 17:09:52 | WARNING | Loading weights:  48%|████▊     | 95/199 [00:00<00:00, 6274.45it/s, Materializing param=encoder.layer.5.attention.self.value.weight]
2026-02-01 17:09:52 | WARNING | Loading weights:  48%|████▊     | 95/199 [00:00<00:00, 6266.55it/s, Materializing param=encoder.layer.5.attention.self.value.weight]
2026-02-01 17:09:52 | WARNING | Loading weights:  48%|████▊     | 96/199 [00:00<00:00, 6317.52it/s, Materializing param=encoder.layer.5.intermediate.dense.bias]    
2026-02-01 17:09:52 | WARNING | Loading weights:  48%|████▊     | 96/199 [00:00<00:00, 6310.09it/s, Materializing param=encoder.layer.5.intermediate.dense.bias]
2026-02-01 17:09:52 | WARNING | Loading weights:  49%|████▊     | 97/199 [00:00<00:00, 6360.67it/s, Materializing param=encoder.layer.5.intermediate.dense.weight]
2026-02-01 17:09:52 | WARNING | Loading weights:  49%|████▊     | 97/199 [00:00<00:00, 6353.22it/s, Materializing param=encoder.layer.5.intermediate.dense.weight]
2026-02-01 17:09:52 | WARNING | Loading weights:  49%|████▉     | 98/199 [00:00<00:00, 6359.92it/s, Materializing param=encoder.layer.5.output.LayerNorm.bias]    
2026-02-01 17:09:52 | WARNING | Loading weights:  49%|████▉     | 98/199 [00:00<00:00, 6351.77it/s, Materializing param=encoder.layer.5.output.LayerNorm.bias]
2026-02-01 17:09:52 | WARNING | Loading weights:  50%|████▉     | 99/199 [00:00<00:00, 6395.73it/s, Materializing param=encoder.layer.5.output.LayerNorm.weight]
2026-02-01 17:09:52 | WARNING | Loading weights:  50%|████▉     | 99/199 [00:00<00:00, 6387.46it/s, Materializing param=encoder.layer.5.output.LayerNorm.weight]
2026-02-01 17:09:52 | WARNING | Loading weights:  50%|█████     | 100/199 [00:00<00:00, 6360.50it/s, Materializing param=encoder.layer.5.output.dense.bias]     
2026-02-01 17:09:52 | WARNING | Loading weights:  50%|█████     | 100/199 [00:00<00:00, 6352.89it/s, Materializing param=encoder.layer.5.output.dense.bias]
2026-02-01 17:09:52 | WARNING | Loading weights:  51%|█████     | 101/199 [00:00<00:00, 6243.46it/s, Materializing param=encoder.layer.5.output.dense.weight]
2026-02-01 17:09:52 | WARNING | Loading weights:  51%|█████     | 101/199 [00:00<00:00, 6235.74it/s, Materializing param=encoder.layer.5.output.dense.weight]
2026-02-01 17:09:52 | WARNING | Loading weights:  51%|█████▏    | 102/199 [00:00<00:00, 6280.47it/s, Materializing param=encoder.layer.6.attention.output.LayerNorm.bias]
2026-02-01 17:09:52 | WARNING | Loading weights:  51%|█████▏    | 102/199 [00:00<00:00, 6273.10it/s, Materializing param=encoder.layer.6.attention.output.LayerNorm.bias]
2026-02-01 17:09:52 | WARNING | Loading weights:  52%|█████▏    | 103/199 [00:00<00:00, 6308.97it/s, Materializing param=encoder.layer.6.attention.output.LayerNorm.weight]
2026-02-01 17:09:52 | WARNING | Loading weights:  52%|█████▏    | 103/199 [00:00<00:00, 6300.88it/s, Materializing param=encoder.layer.6.attention.output.LayerNorm.weight]
2026-02-01 17:09:52 | WARNING | Loading weights:  52%|█████▏    | 104/199 [00:00<00:00, 6281.07it/s, Materializing param=encoder.layer.6.attention.output.dense.bias]      
2026-02-01 17:09:52 | WARNING | Loading weights:  52%|█████▏    | 104/199 [00:00<00:00, 6273.03it/s, Materializing param=encoder.layer.6.attention.output.dense.bias]
2026-02-01 17:09:52 | WARNING | Loading weights:  53%|█████▎    | 105/199 [00:00<00:00, 6319.26it/s, Materializing param=encoder.layer.6.attention.output.dense.weight]
2026-02-01 17:09:52 | WARNING | Loading weights:  53%|█████▎    | 105/199 [00:00<00:00, 6312.83it/s, Materializing param=encoder.layer.6.attention.output.dense.weight]
2026-02-01 17:09:52 | WARNING | Loading weights:  53%|█████▎    | 106/199 [00:00<00:00, 6353.37it/s, Materializing param=encoder.layer.6.attention.self.key.bias]      
2026-02-01 17:09:52 | WARNING | Loading weights:  53%|█████▎    | 106/199 [00:00<00:00, 6346.57it/s, Materializing param=encoder.layer.6.attention.self.key.bias]
2026-02-01 17:09:52 | WARNING | Loading weights:  54%|█████▍    | 107/199 [00:00<00:00, 6385.02it/s, Materializing param=encoder.layer.6.attention.self.key.weight]
2026-02-01 17:09:52 | WARNING | Loading weights:  54%|█████▍    | 107/199 [00:00<00:00, 6377.40it/s, Materializing param=encoder.layer.6.attention.self.key.weight]
2026-02-01 17:09:52 | WARNING | Loading weights:  54%|█████▍    | 108/199 [00:00<00:00, 6417.49it/s, Materializing param=encoder.layer.6.attention.self.query.bias]
2026-02-01 17:09:52 | WARNING | Loading weights:  54%|█████▍    | 108/199 [00:00<00:00, 6410.31it/s, Materializing param=encoder.layer.6.attention.self.query.bias]
2026-02-01 17:09:52 | WARNING | Loading weights:  55%|█████▍    | 109/199 [00:00<00:00, 6326.25it/s, Materializing param=encoder.layer.6.attention.self.query.weight]
2026-02-01 17:09:52 | WARNING | Loading weights:  55%|█████▍    | 109/199 [00:00<00:00, 6318.82it/s, Materializing param=encoder.layer.6.attention.self.query.weight]
2026-02-01 17:09:52 | WARNING | Loading weights:  55%|█████▌    | 110/199 [00:00<00:00, 6363.16it/s, Materializing param=encoder.layer.6.attention.self.value.bias]  
2026-02-01 17:09:52 | WARNING | Loading weights:  55%|█████▌    | 110/199 [00:00<00:00, 6357.02it/s, Materializing param=encoder.layer.6.attention.self.value.bias]
2026-02-01 17:09:52 | WARNING | Loading weights:  56%|█████▌    | 111/199 [00:00<00:00, 6389.28it/s, Materializing param=encoder.layer.6.attention.self.value.weight]
2026-02-01 17:09:52 | WARNING | Loading weights:  56%|█████▌    | 111/199 [00:00<00:00, 6382.71it/s, Materializing param=encoder.layer.6.attention.self.value.weight]
2026-02-01 17:09:52 | WARNING | Loading weights:  56%|█████▋    | 112/199 [00:00<00:00, 6426.47it/s, Materializing param=encoder.layer.6.intermediate.dense.bias]    
2026-02-01 17:09:52 | WARNING | Loading weights:  56%|█████▋    | 112/199 [00:00<00:00, 6419.88it/s, Materializing param=encoder.layer.6.intermediate.dense.bias]
2026-02-01 17:09:52 | WARNING | Loading weights:  57%|█████▋    | 113/199 [00:00<00:00, 6464.22it/s, Materializing param=encoder.layer.6.intermediate.dense.weight]
2026-02-01 17:09:52 | WARNING | Loading weights:  57%|█████▋    | 113/199 [00:00<00:00, 6457.96it/s, Materializing param=encoder.layer.6.intermediate.dense.weight]
2026-02-01 17:09:52 | WARNING | Loading weights:  57%|█████▋    | 114/199 [00:00<00:00, 6502.44it/s, Materializing param=encoder.layer.6.output.LayerNorm.bias]    
2026-02-01 17:09:52 | WARNING | Loading weights:  57%|█████▋    | 114/199 [00:00<00:00, 6495.82it/s, Materializing param=encoder.layer.6.output.LayerNorm.bias]
2026-02-01 17:09:52 | WARNING | Loading weights:  58%|█████▊    | 115/199 [00:00<00:00, 6405.98it/s, Materializing param=encoder.layer.6.output.LayerNorm.weight]
2026-02-01 17:09:52 | WARNING | Loading weights:  58%|█████▊    | 115/199 [00:00<00:00, 6399.18it/s, Materializing param=encoder.layer.6.output.LayerNorm.weight]
2026-02-01 17:09:52 | WARNING | Loading weights:  58%|█████▊    | 116/199 [00:00<00:00, 6442.27it/s, Materializing param=encoder.layer.6.output.dense.bias]      
2026-02-01 17:09:52 | WARNING | Loading weights:  58%|█████▊    | 116/199 [00:00<00:00, 6435.87it/s, Materializing param=encoder.layer.6.output.dense.bias]
2026-02-01 17:09:52 | WARNING | Loading weights:  59%|█████▉    | 117/199 [00:00<00:00, 6417.33it/s, Materializing param=encoder.layer.6.output.dense.weight]
2026-02-01 17:09:52 | WARNING | Loading weights:  59%|█████▉    | 117/199 [00:00<00:00, 6411.30it/s, Materializing param=encoder.layer.6.output.dense.weight]
2026-02-01 17:09:52 | WARNING | Loading weights:  59%|█████▉    | 118/199 [00:00<00:00, 6375.64it/s, Materializing param=encoder.layer.7.attention.output.LayerNorm.bias]
2026-02-01 17:09:52 | WARNING | Loading weights:  59%|█████▉    | 118/199 [00:00<00:00, 6369.07it/s, Materializing param=encoder.layer.7.attention.output.LayerNorm.bias]
2026-02-01 17:09:52 | WARNING | Loading weights:  60%|█████▉    | 119/199 [00:00<00:00, 6403.68it/s, Materializing param=encoder.layer.7.attention.output.LayerNorm.weight]
2026-02-01 17:09:52 | WARNING | Loading weights:  60%|█████▉    | 119/199 [00:00<00:00, 6397.20it/s, Materializing param=encoder.layer.7.attention.output.LayerNorm.weight]
2026-02-01 17:09:52 | WARNING | Loading weights:  60%|██████    | 120/199 [00:00<00:00, 6267.64it/s, Materializing param=encoder.layer.7.attention.output.dense.bias]      
2026-02-01 17:09:52 | WARNING | Loading weights:  60%|██████    | 120/199 [00:00<00:00, 6261.79it/s, Materializing param=encoder.layer.7.attention.output.dense.bias]
2026-02-01 17:09:52 | WARNING | Loading weights:  61%|██████    | 121/199 [00:00<00:00, 6231.71it/s, Materializing param=encoder.layer.7.attention.output.dense.weight]
2026-02-01 17:09:52 | WARNING | Loading weights:  61%|██████    | 121/199 [00:00<00:00, 6224.99it/s, Materializing param=encoder.layer.7.attention.output.dense.weight]
2026-02-01 17:09:52 | WARNING | Loading weights:  61%|██████▏   | 122/199 [00:00<00:00, 6213.71it/s, Materializing param=encoder.layer.7.attention.self.key.bias]      
2026-02-01 17:09:52 | WARNING | Loading weights:  61%|██████▏   | 122/199 [00:00<00:00, 6208.05it/s, Materializing param=encoder.layer.7.attention.self.key.bias]
2026-02-01 17:09:52 | WARNING | Loading weights:  62%|██████▏   | 123/199 [00:00<00:00, 6240.84it/s, Materializing param=encoder.layer.7.attention.self.key.weight]
2026-02-01 17:09:52 | WARNING | Loading weights:  62%|██████▏   | 123/199 [00:00<00:00, 6234.51it/s, Materializing param=encoder.layer.7.attention.self.key.weight]
2026-02-01 17:09:52 | WARNING | Loading weights:  62%|██████▏   | 124/199 [00:00<00:00, 6271.18it/s, Materializing param=encoder.layer.7.attention.self.query.bias]
2026-02-01 17:09:52 | WARNING | Loading weights:  62%|██████▏   | 124/199 [00:00<00:00, 6265.51it/s, Materializing param=encoder.layer.7.attention.self.query.bias]
2026-02-01 17:09:52 | WARNING | Loading weights:  63%|██████▎   | 125/199 [00:00<00:00, 6235.96it/s, Materializing param=encoder.layer.7.attention.self.query.weight]
2026-02-01 17:09:52 | WARNING | Loading weights:  63%|██████▎   | 125/199 [00:00<00:00, 6229.73it/s, Materializing param=encoder.layer.7.attention.self.query.weight]
2026-02-01 17:09:52 | WARNING | Loading weights:  63%|██████▎   | 126/199 [00:00<00:00, 6269.07it/s, Materializing param=encoder.layer.7.attention.self.value.bias]  
2026-02-01 17:09:52 | WARNING | Loading weights:  63%|██████▎   | 126/199 [00:00<00:00, 6263.35it/s, Materializing param=encoder.layer.7.attention.self.value.bias]
2026-02-01 17:09:52 | WARNING | Loading weights:  64%|██████▍   | 127/199 [00:00<00:00, 6302.15it/s, Materializing param=encoder.layer.7.attention.self.value.weight]
2026-02-01 17:09:52 | WARNING | Loading weights:  64%|██████▍   | 127/199 [00:00<00:00, 6296.79it/s, Materializing param=encoder.layer.7.attention.self.value.weight]
2026-02-01 17:09:52 | WARNING | Loading weights:  64%|██████▍   | 128/199 [00:00<00:00, 6329.76it/s, Materializing param=encoder.layer.7.intermediate.dense.bias]    
2026-02-01 17:09:52 | WARNING | Loading weights:  64%|██████▍   | 128/199 [00:00<00:00, 6324.46it/s, Materializing param=encoder.layer.7.intermediate.dense.bias]
2026-02-01 17:09:52 | WARNING | Loading weights:  65%|██████▍   | 129/199 [00:00<00:00, 6359.11it/s, Materializing param=encoder.layer.7.intermediate.dense.weight]
2026-02-01 17:09:52 | WARNING | Loading weights:  65%|██████▍   | 129/199 [00:00<00:00, 6353.81it/s, Materializing param=encoder.layer.7.intermediate.dense.weight]
2026-02-01 17:09:52 | WARNING | Loading weights:  65%|██████▌   | 130/199 [00:00<00:00, 6392.03it/s, Materializing param=encoder.layer.7.output.LayerNorm.bias]    
2026-02-01 17:09:52 | WARNING | Loading weights:  65%|██████▌   | 130/199 [00:00<00:00, 6386.34it/s, Materializing param=encoder.layer.7.output.LayerNorm.bias]
2026-02-01 17:09:52 | WARNING | Loading weights:  66%|██████▌   | 131/199 [00:00<00:00, 6424.41it/s, Materializing param=encoder.layer.7.output.LayerNorm.weight]
2026-02-01 17:09:52 | WARNING | Loading weights:  66%|██████▌   | 131/199 [00:00<00:00, 6419.15it/s, Materializing param=encoder.layer.7.output.LayerNorm.weight]
2026-02-01 17:09:52 | WARNING | Loading weights:  66%|██████▋   | 132/199 [00:00<00:00, 6237.94it/s, Materializing param=encoder.layer.7.output.dense.bias]      
2026-02-01 17:09:52 | WARNING | Loading weights:  66%|██████▋   | 132/199 [00:00<00:00, 6232.60it/s, Materializing param=encoder.layer.7.output.dense.bias]
2026-02-01 17:09:52 | WARNING | Loading weights:  67%|██████▋   | 133/199 [00:00<00:00, 6177.45it/s, Materializing param=encoder.layer.7.output.dense.weight]
2026-02-01 17:09:52 | WARNING | Loading weights:  67%|██████▋   | 133/199 [00:00<00:00, 6172.26it/s, Materializing param=encoder.layer.7.output.dense.weight]
2026-02-01 17:09:52 | WARNING | Loading weights:  67%|██████▋   | 134/199 [00:00<00:00, 6207.20it/s, Materializing param=encoder.layer.8.attention.output.LayerNorm.bias]
2026-02-01 17:09:52 | WARNING | Loading weights:  67%|██████▋   | 134/199 [00:00<00:00, 6201.99it/s, Materializing param=encoder.layer.8.attention.output.LayerNorm.bias]
2026-02-01 17:09:52 | WARNING | Loading weights:  68%|██████▊   | 135/199 [00:00<00:00, 6237.26it/s, Materializing param=encoder.layer.8.attention.output.LayerNorm.weight]
2026-02-01 17:09:52 | WARNING | Loading weights:  68%|██████▊   | 135/199 [00:00<00:00, 6232.46it/s, Materializing param=encoder.layer.8.attention.output.LayerNorm.weight]
2026-02-01 17:09:52 | WARNING | Loading weights:  68%|██████▊   | 136/199 [00:00<00:00, 6262.70it/s, Materializing param=encoder.layer.8.attention.output.dense.bias]      
2026-02-01 17:09:52 | WARNING | Loading weights:  68%|██████▊   | 136/199 [00:00<00:00, 6256.65it/s, Materializing param=encoder.layer.8.attention.output.dense.bias]
2026-02-01 17:09:52 | WARNING | Loading weights:  69%|██████▉   | 137/199 [00:00<00:00, 6186.49it/s, Materializing param=encoder.layer.8.attention.output.dense.weight]
2026-02-01 17:09:52 | WARNING | Loading weights:  69%|██████▉   | 137/199 [00:00<00:00, 6180.37it/s, Materializing param=encoder.layer.8.attention.output.dense.weight]
2026-02-01 17:09:52 | WARNING | Loading weights:  69%|██████▉   | 138/199 [00:00<00:00, 6214.85it/s, Materializing param=encoder.layer.8.attention.self.key.bias]      
2026-02-01 17:09:52 | WARNING | Loading weights:  69%|██████▉   | 138/199 [00:00<00:00, 6209.52it/s, Materializing param=encoder.layer.8.attention.self.key.bias]
2026-02-01 17:09:52 | WARNING | Loading weights:  70%|██████▉   | 139/199 [00:00<00:00, 6243.33it/s, Materializing param=encoder.layer.8.attention.self.key.weight]
2026-02-01 17:09:52 | WARNING | Loading weights:  70%|██████▉   | 139/199 [00:00<00:00, 6238.25it/s, Materializing param=encoder.layer.8.attention.self.key.weight]
2026-02-01 17:09:52 | WARNING | Loading weights:  70%|███████   | 140/199 [00:00<00:00, 6270.72it/s, Materializing param=encoder.layer.8.attention.self.query.bias]
2026-02-01 17:09:52 | WARNING | Loading weights:  70%|███████   | 140/199 [00:00<00:00, 6265.97it/s, Materializing param=encoder.layer.8.attention.self.query.bias]
2026-02-01 17:09:52 | WARNING | Loading weights:  71%|███████   | 141/199 [00:00<00:00, 6298.29it/s, Materializing param=encoder.layer.8.attention.self.query.weight]
2026-02-01 17:09:52 | WARNING | Loading weights:  71%|███████   | 141/199 [00:00<00:00, 6293.26it/s, Materializing param=encoder.layer.8.attention.self.query.weight]
2026-02-01 17:09:52 | WARNING | Loading weights:  71%|███████▏  | 142/199 [00:00<00:00, 6319.87it/s, Materializing param=encoder.layer.8.attention.self.value.bias]  
2026-02-01 17:09:52 | WARNING | Loading weights:  71%|███████▏  | 142/199 [00:00<00:00, 6314.51it/s, Materializing param=encoder.layer.8.attention.self.value.bias]
2026-02-01 17:09:52 | WARNING | Loading weights:  72%|███████▏  | 143/199 [00:00<00:00, 6244.25it/s, Materializing param=encoder.layer.8.attention.self.value.weight]
2026-02-01 17:09:52 | WARNING | Loading weights:  72%|███████▏  | 143/199 [00:00<00:00, 6239.12it/s, Materializing param=encoder.layer.8.attention.self.value.weight]
2026-02-01 17:09:52 | WARNING | Loading weights:  72%|███████▏  | 144/199 [00:00<00:00, 6272.12it/s, Materializing param=encoder.layer.8.intermediate.dense.bias]    
2026-02-01 17:09:52 | WARNING | Loading weights:  72%|███████▏  | 144/199 [00:00<00:00, 6267.43it/s, Materializing param=encoder.layer.8.intermediate.dense.bias]
2026-02-01 17:09:52 | WARNING | Loading weights:  73%|███████▎  | 145/199 [00:00<00:00, 6294.49it/s, Materializing param=encoder.layer.8.intermediate.dense.weight]
2026-02-01 17:09:52 | WARNING | Loading weights:  73%|███████▎  | 145/199 [00:00<00:00, 6289.35it/s, Materializing param=encoder.layer.8.intermediate.dense.weight]
2026-02-01 17:09:52 | WARNING | Loading weights:  73%|███████▎  | 146/199 [00:00<00:00, 6319.00it/s, Materializing param=encoder.layer.8.output.LayerNorm.bias]    
2026-02-01 17:09:52 | WARNING | Loading weights:  73%|███████▎  | 146/199 [00:00<00:00, 6313.53it/s, Materializing param=encoder.layer.8.output.LayerNorm.bias]
2026-02-01 17:09:52 | WARNING | Loading weights:  74%|███████▍  | 147/199 [00:00<00:00, 6347.22it/s, Materializing param=encoder.layer.8.output.LayerNorm.weight]
2026-02-01 17:09:52 | WARNING | Loading weights:  74%|███████▍  | 147/199 [00:00<00:00, 6342.52it/s, Materializing param=encoder.layer.8.output.LayerNorm.weight]
2026-02-01 17:09:52 | WARNING | Loading weights:  74%|███████▍  | 148/199 [00:00<00:00, 6376.29it/s, Materializing param=encoder.layer.8.output.dense.bias]      
2026-02-01 17:09:52 | WARNING | Loading weights:  74%|███████▍  | 148/199 [00:00<00:00, 6371.64it/s, Materializing param=encoder.layer.8.output.dense.bias]
2026-02-01 17:09:52 | WARNING | Loading weights:  75%|███████▍  | 149/199 [00:00<00:00, 6307.42it/s, Materializing param=encoder.layer.8.output.dense.weight]
2026-02-01 17:09:52 | WARNING | Loading weights:  75%|███████▍  | 149/199 [00:00<00:00, 6302.64it/s, Materializing param=encoder.layer.8.output.dense.weight]
2026-02-01 17:09:52 | WARNING | Loading weights:  75%|███████▌  | 150/199 [00:00<00:00, 6335.55it/s, Materializing param=encoder.layer.9.attention.output.LayerNorm.bias]
2026-02-01 17:09:52 | WARNING | Loading weights:  75%|███████▌  | 150/199 [00:00<00:00, 6330.77it/s, Materializing param=encoder.layer.9.attention.output.LayerNorm.bias]
2026-02-01 17:09:52 | WARNING | Loading weights:  76%|███████▌  | 151/199 [00:00<00:00, 6358.96it/s, Materializing param=encoder.layer.9.attention.output.LayerNorm.weight]
2026-02-01 17:09:52 | WARNING | Loading weights:  76%|███████▌  | 151/199 [00:00<00:00, 6354.43it/s, Materializing param=encoder.layer.9.attention.output.LayerNorm.weight]
2026-02-01 17:09:52 | WARNING | Loading weights:  76%|███████▋  | 152/199 [00:00<00:00, 6386.84it/s, Materializing param=encoder.layer.9.attention.output.dense.bias]      
2026-02-01 17:09:52 | WARNING | Loading weights:  76%|███████▋  | 152/199 [00:00<00:00, 6382.30it/s, Materializing param=encoder.layer.9.attention.output.dense.bias]
2026-02-01 17:09:52 | WARNING | Loading weights:  77%|███████▋  | 153/199 [00:00<00:00, 6410.55it/s, Materializing param=encoder.layer.9.attention.output.dense.weight]
2026-02-01 17:09:52 | WARNING | Loading weights:  77%|███████▋  | 153/199 [00:00<00:00, 6405.50it/s, Materializing param=encoder.layer.9.attention.output.dense.weight]
2026-02-01 17:09:52 | WARNING | Loading weights:  77%|███████▋  | 154/199 [00:00<00:00, 6437.08it/s, Materializing param=encoder.layer.9.attention.self.key.bias]      
2026-02-01 17:09:52 | WARNING | Loading weights:  77%|███████▋  | 154/199 [00:00<00:00, 6432.21it/s, Materializing param=encoder.layer.9.attention.self.key.bias]
2026-02-01 17:09:52 | WARNING | Loading weights:  78%|███████▊  | 155/199 [00:00<00:00, 6463.49it/s, Materializing param=encoder.layer.9.attention.self.key.weight]
2026-02-01 17:09:52 | WARNING | Loading weights:  78%|███████▊  | 155/199 [00:00<00:00, 6458.35it/s, Materializing param=encoder.layer.9.attention.self.key.weight]
2026-02-01 17:09:52 | WARNING | Loading weights:  78%|███████▊  | 156/199 [00:00<00:00, 6435.13it/s, Materializing param=encoder.layer.9.attention.self.query.bias]
2026-02-01 17:09:52 | WARNING | Loading weights:  78%|███████▊  | 156/199 [00:00<00:00, 6430.14it/s, Materializing param=encoder.layer.9.attention.self.query.bias]
2026-02-01 17:09:52 | WARNING | Loading weights:  79%|███████▉  | 157/199 [00:00<00:00, 6374.08it/s, Materializing param=encoder.layer.9.attention.self.query.weight]
2026-02-01 17:09:52 | WARNING | Loading weights:  79%|███████▉  | 157/199 [00:00<00:00, 6369.45it/s, Materializing param=encoder.layer.9.attention.self.query.weight]
2026-02-01 17:09:52 | WARNING | Loading weights:  79%|███████▉  | 158/199 [00:00<00:00, 6394.50it/s, Materializing param=encoder.layer.9.attention.self.value.bias]  
2026-02-01 17:09:52 | WARNING | Loading weights:  79%|███████▉  | 158/199 [00:00<00:00, 6388.52it/s, Materializing param=encoder.layer.9.attention.self.value.bias]
2026-02-01 17:09:52 | WARNING | Loading weights:  80%|███████▉  | 159/199 [00:00<00:00, 6418.86it/s, Materializing param=encoder.layer.9.attention.self.value.weight]
2026-02-01 17:09:52 | WARNING | Loading weights:  80%|███████▉  | 159/199 [00:00<00:00, 6414.11it/s, Materializing param=encoder.layer.9.attention.self.value.weight]
2026-02-01 17:09:52 | WARNING | Loading weights:  80%|████████  | 160/199 [00:00<00:00, 6445.15it/s, Materializing param=encoder.layer.9.intermediate.dense.bias]    
2026-02-01 17:09:52 | WARNING | Loading weights:  80%|████████  | 160/199 [00:00<00:00, 6440.20it/s, Materializing param=encoder.layer.9.intermediate.dense.bias]
2026-02-01 17:09:52 | WARNING | Loading weights:  81%|████████  | 161/199 [00:00<00:00, 6431.82it/s, Materializing param=encoder.layer.9.intermediate.dense.weight]
2026-02-01 17:09:52 | WARNING | Loading weights:  81%|████████  | 161/199 [00:00<00:00, 6426.92it/s, Materializing param=encoder.layer.9.intermediate.dense.weight]
2026-02-01 17:09:52 | WARNING | Loading weights:  81%|████████▏ | 162/199 [00:00<00:00, 6314.55it/s, Materializing param=encoder.layer.9.output.LayerNorm.bias]    
2026-02-01 17:09:52 | WARNING | Loading weights:  81%|████████▏ | 162/199 [00:00<00:00, 6309.92it/s, Materializing param=encoder.layer.9.output.LayerNorm.bias]
2026-02-01 17:09:52 | WARNING | Loading weights:  82%|████████▏ | 163/199 [00:00<00:00, 6297.35it/s, Materializing param=encoder.layer.9.output.LayerNorm.weight]
2026-02-01 17:09:52 | WARNING | Loading weights:  82%|████████▏ | 163/199 [00:00<00:00, 6292.02it/s, Materializing param=encoder.layer.9.output.LayerNorm.weight]
2026-02-01 17:09:52 | WARNING | Loading weights:  82%|████████▏ | 164/199 [00:00<00:00, 6317.94it/s, Materializing param=encoder.layer.9.output.dense.bias]      
2026-02-01 17:09:52 | WARNING | Loading weights:  82%|████████▏ | 164/199 [00:00<00:00, 6313.59it/s, Materializing param=encoder.layer.9.output.dense.bias]
2026-02-01 17:09:52 | WARNING | Loading weights:  83%|████████▎ | 165/199 [00:00<00:00, 6343.53it/s, Materializing param=encoder.layer.9.output.dense.weight]
2026-02-01 17:09:52 | WARNING | Loading weights:  83%|████████▎ | 165/199 [00:00<00:00, 6339.11it/s, Materializing param=encoder.layer.9.output.dense.weight]
2026-02-01 17:09:52 | WARNING | Loading weights:  83%|████████▎ | 166/199 [00:00<00:00, 6369.66it/s, Materializing param=encoder.layer.10.attention.output.LayerNorm.bias]
2026-02-01 17:09:52 | WARNING | Loading weights:  83%|████████▎ | 166/199 [00:00<00:00, 6365.29it/s, Materializing param=encoder.layer.10.attention.output.LayerNorm.bias]
2026-02-01 17:09:52 | WARNING | Loading weights:  84%|████████▍ | 167/199 [00:00<00:00, 6341.60it/s, Materializing param=encoder.layer.10.attention.output.LayerNorm.weight]
2026-02-01 17:09:52 | WARNING | Loading weights:  84%|████████▍ | 167/199 [00:00<00:00, 6336.84it/s, Materializing param=encoder.layer.10.attention.output.LayerNorm.weight]
2026-02-01 17:09:52 | WARNING | Loading weights:  84%|████████▍ | 168/199 [00:00<00:00, 6362.47it/s, Materializing param=encoder.layer.10.attention.output.dense.bias]      
2026-02-01 17:09:52 | WARNING | Loading weights:  84%|████████▍ | 168/199 [00:00<00:00, 6357.93it/s, Materializing param=encoder.layer.10.attention.output.dense.bias]
2026-02-01 17:09:52 | WARNING | Loading weights:  85%|████████▍ | 169/199 [00:00<00:00, 6386.79it/s, Materializing param=encoder.layer.10.attention.output.dense.weight]
2026-02-01 17:09:52 | WARNING | Loading weights:  85%|████████▍ | 169/199 [00:00<00:00, 6382.47it/s, Materializing param=encoder.layer.10.attention.output.dense.weight]
2026-02-01 17:09:52 | WARNING | Loading weights:  85%|████████▌ | 170/199 [00:00<00:00, 6352.51it/s, Materializing param=encoder.layer.10.attention.self.key.bias]      
2026-02-01 17:09:52 | WARNING | Loading weights:  85%|████████▌ | 170/199 [00:00<00:00, 6348.27it/s, Materializing param=encoder.layer.10.attention.self.key.bias]
2026-02-01 17:09:52 | WARNING | Loading weights:  86%|████████▌ | 171/199 [00:00<00:00, 6377.04it/s, Materializing param=encoder.layer.10.attention.self.key.weight]
2026-02-01 17:09:52 | WARNING | Loading weights:  86%|████████▌ | 171/199 [00:00<00:00, 6373.02it/s, Materializing param=encoder.layer.10.attention.self.key.weight]
2026-02-01 17:09:52 | WARNING | Loading weights:  86%|████████▋ | 172/199 [00:00<00:00, 6361.90it/s, Materializing param=encoder.layer.10.attention.self.query.bias]
2026-02-01 17:09:52 | WARNING | Loading weights:  86%|████████▋ | 172/199 [00:00<00:00, 6357.47it/s, Materializing param=encoder.layer.10.attention.self.query.bias]
2026-02-01 17:09:52 | WARNING | Loading weights:  87%|████████▋ | 173/199 [00:00<00:00, 6384.25it/s, Materializing param=encoder.layer.10.attention.self.query.weight]
2026-02-01 17:09:52 | WARNING | Loading weights:  87%|████████▋ | 173/199 [00:00<00:00, 6379.81it/s, Materializing param=encoder.layer.10.attention.self.query.weight]
2026-02-01 17:09:52 | WARNING | Loading weights:  87%|████████▋ | 174/199 [00:00<00:00, 6364.32it/s, Materializing param=encoder.layer.10.attention.self.value.bias]  
2026-02-01 17:09:52 | WARNING | Loading weights:  87%|████████▋ | 174/199 [00:00<00:00, 6359.88it/s, Materializing param=encoder.layer.10.attention.self.value.bias]
2026-02-01 17:09:52 | WARNING | Loading weights:  88%|████████▊ | 175/199 [00:00<00:00, 6381.25it/s, Materializing param=encoder.layer.10.attention.self.value.weight]
2026-02-01 17:09:52 | WARNING | Loading weights:  88%|████████▊ | 175/199 [00:00<00:00, 6377.37it/s, Materializing param=encoder.layer.10.attention.self.value.weight]
2026-02-01 17:09:52 | WARNING | Loading weights:  88%|████████▊ | 176/199 [00:00<00:00, 6404.68it/s, Materializing param=encoder.layer.10.intermediate.dense.bias]    
2026-02-01 17:09:52 | WARNING | Loading weights:  88%|████████▊ | 176/199 [00:00<00:00, 6400.24it/s, Materializing param=encoder.layer.10.intermediate.dense.bias]
2026-02-01 17:09:52 | WARNING | Loading weights:  89%|████████▉ | 177/199 [00:00<00:00, 6372.41it/s, Materializing param=encoder.layer.10.intermediate.dense.weight]
2026-02-01 17:09:52 | WARNING | Loading weights:  89%|████████▉ | 177/199 [00:00<00:00, 6368.31it/s, Materializing param=encoder.layer.10.intermediate.dense.weight]
2026-02-01 17:09:52 | WARNING | Loading weights:  89%|████████▉ | 178/199 [00:00<00:00, 6351.28it/s, Materializing param=encoder.layer.10.output.LayerNorm.bias]    
2026-02-01 17:09:52 | WARNING | Loading weights:  89%|████████▉ | 178/199 [00:00<00:00, 6347.39it/s, Materializing param=encoder.layer.10.output.LayerNorm.bias]
2026-02-01 17:09:52 | WARNING | Loading weights:  90%|████████▉ | 179/199 [00:00<00:00, 6323.75it/s, Materializing param=encoder.layer.10.output.LayerNorm.weight]
2026-02-01 17:09:52 | WARNING | Loading weights:  90%|████████▉ | 179/199 [00:00<00:00, 6319.54it/s, Materializing param=encoder.layer.10.output.LayerNorm.weight]
2026-02-01 17:09:52 | WARNING | Loading weights:  90%|█████████ | 180/199 [00:00<00:00, 6346.99it/s, Materializing param=encoder.layer.10.output.dense.bias]      
2026-02-01 17:09:52 | WARNING | Loading weights:  90%|█████████ | 180/199 [00:00<00:00, 6342.73it/s, Materializing param=encoder.layer.10.output.dense.bias]
2026-02-01 17:09:52 | WARNING | Loading weights:  91%|█████████ | 181/199 [00:00<00:00, 6370.36it/s, Materializing param=encoder.layer.10.output.dense.weight]
2026-02-01 17:09:52 | WARNING | Loading weights:  91%|█████████ | 181/199 [00:00<00:00, 6366.57it/s, Materializing param=encoder.layer.10.output.dense.weight]
2026-02-01 17:09:52 | WARNING | Loading weights:  91%|█████████▏| 182/199 [00:00<00:00, 6390.92it/s, Materializing param=encoder.layer.11.attention.output.LayerNorm.bias]
2026-02-01 17:09:52 | WARNING | Loading weights:  91%|█████████▏| 182/199 [00:00<00:00, 6386.00it/s, Materializing param=encoder.layer.11.attention.output.LayerNorm.bias]
2026-02-01 17:09:52 | WARNING | Loading weights:  92%|█████████▏| 183/199 [00:00<00:00, 6412.56it/s, Materializing param=encoder.layer.11.attention.output.LayerNorm.weight]
2026-02-01 17:09:52 | WARNING | Loading weights:  92%|█████████▏| 183/199 [00:00<00:00, 6408.22it/s, Materializing param=encoder.layer.11.attention.output.LayerNorm.weight]
2026-02-01 17:09:52 | WARNING | Loading weights:  92%|█████████▏| 184/199 [00:00<00:00, 6431.32it/s, Materializing param=encoder.layer.11.attention.output.dense.bias]      
2026-02-01 17:09:52 | WARNING | Loading weights:  92%|█████████▏| 184/199 [00:00<00:00, 6426.45it/s, Materializing param=encoder.layer.11.attention.output.dense.bias]
2026-02-01 17:09:52 | WARNING | Loading weights:  93%|█████████▎| 185/199 [00:00<00:00, 6448.97it/s, Materializing param=encoder.layer.11.attention.output.dense.weight]
2026-02-01 17:09:52 | WARNING | Loading weights:  93%|█████████▎| 185/199 [00:00<00:00, 6444.63it/s, Materializing param=encoder.layer.11.attention.output.dense.weight]
2026-02-01 17:09:52 | WARNING | Loading weights:  93%|█████████▎| 186/199 [00:00<00:00, 6321.64it/s, Materializing param=encoder.layer.11.attention.self.key.bias]      
2026-02-01 17:09:52 | WARNING | Loading weights:  93%|█████████▎| 186/199 [00:00<00:00, 6317.69it/s, Materializing param=encoder.layer.11.attention.self.key.bias]
2026-02-01 17:09:52 | WARNING | Loading weights:  94%|█████████▍| 187/199 [00:00<00:00, 6343.95it/s, Materializing param=encoder.layer.11.attention.self.key.weight]
2026-02-01 17:09:52 | WARNING | Loading weights:  94%|█████████▍| 187/199 [00:00<00:00, 6340.06it/s, Materializing param=encoder.layer.11.attention.self.key.weight]
2026-02-01 17:09:52 | WARNING | Loading weights:  94%|█████████▍| 188/199 [00:00<00:00, 6366.24it/s, Materializing param=encoder.layer.11.attention.self.query.bias]
2026-02-01 17:09:52 | WARNING | Loading weights:  94%|█████████▍| 188/199 [00:00<00:00, 6362.54it/s, Materializing param=encoder.layer.11.attention.self.query.bias]
2026-02-01 17:09:52 | WARNING | Loading weights:  95%|█████████▍| 189/199 [00:00<00:00, 6386.70it/s, Materializing param=encoder.layer.11.attention.self.query.weight]
2026-02-01 17:09:52 | WARNING | Loading weights:  95%|█████████▍| 189/199 [00:00<00:00, 6382.53it/s, Materializing param=encoder.layer.11.attention.self.query.weight]
2026-02-01 17:09:52 | WARNING | Loading weights:  95%|█████████▌| 190/199 [00:00<00:00, 6408.77it/s, Materializing param=encoder.layer.11.attention.self.value.bias]  
2026-02-01 17:09:52 | WARNING | Loading weights:  95%|█████████▌| 190/199 [00:00<00:00, 6404.65it/s, Materializing param=encoder.layer.11.attention.self.value.bias]
2026-02-01 17:09:52 | WARNING | Loading weights:  96%|█████████▌| 191/199 [00:00<00:00, 6410.90it/s, Materializing param=encoder.layer.11.attention.self.value.weight]
2026-02-01 17:09:52 | WARNING | Loading weights:  96%|█████████▌| 191/199 [00:00<00:00, 6407.05it/s, Materializing param=encoder.layer.11.attention.self.value.weight]
2026-02-01 17:09:52 | WARNING | Loading weights:  96%|█████████▋| 192/199 [00:00<00:00, 6397.01it/s, Materializing param=encoder.layer.11.intermediate.dense.bias]    
2026-02-01 17:09:52 | WARNING | Loading weights:  96%|█████████▋| 192/199 [00:00<00:00, 6393.45it/s, Materializing param=encoder.layer.11.intermediate.dense.bias]
2026-02-01 17:09:52 | WARNING | Loading weights:  97%|█████████▋| 193/199 [00:00<00:00, 6407.72it/s, Materializing param=encoder.layer.11.intermediate.dense.weight]
2026-02-01 17:09:52 | WARNING | Loading weights:  97%|█████████▋| 193/199 [00:00<00:00, 6403.47it/s, Materializing param=encoder.layer.11.intermediate.dense.weight]
2026-02-01 17:09:52 | WARNING | Loading weights:  97%|█████████▋| 194/199 [00:00<00:00, 6424.25it/s, Materializing param=encoder.layer.11.output.LayerNorm.bias]    
2026-02-01 17:09:52 | WARNING | Loading weights:  97%|█████████▋| 194/199 [00:00<00:00, 6420.44it/s, Materializing param=encoder.layer.11.output.LayerNorm.bias]
2026-02-01 17:09:52 | WARNING | Loading weights:  98%|█████████▊| 195/199 [00:00<00:00, 6446.06it/s, Materializing param=encoder.layer.11.output.LayerNorm.weight]
2026-02-01 17:09:52 | WARNING | Loading weights:  98%|█████████▊| 195/199 [00:00<00:00, 6442.05it/s, Materializing param=encoder.layer.11.output.LayerNorm.weight]
2026-02-01 17:09:52 | WARNING | Loading weights:  98%|█████████▊| 196/199 [00:00<00:00, 6467.60it/s, Materializing param=encoder.layer.11.output.dense.bias]      
2026-02-01 17:09:52 | WARNING | Loading weights:  98%|█████████▊| 196/199 [00:00<00:00, 6463.73it/s, Materializing param=encoder.layer.11.output.dense.bias]
2026-02-01 17:09:52 | WARNING | Loading weights:  99%|█████████▉| 197/199 [00:00<00:00, 6489.67it/s, Materializing param=encoder.layer.11.output.dense.weight]
2026-02-01 17:09:52 | WARNING | Loading weights:  99%|█████████▉| 197/199 [00:00<00:00, 6485.85it/s, Materializing param=encoder.layer.11.output.dense.weight]
2026-02-01 17:09:52 | WARNING | Loading weights:  99%|█████████▉| 198/199 [00:00<00:00, 6511.92it/s, Materializing param=pooler.dense.bias]                   
2026-02-01 17:09:52 | WARNING | Loading weights:  99%|█████████▉| 198/199 [00:00<00:00, 6508.05it/s, Materializing param=pooler.dense.bias]
2026-02-01 17:09:52 | WARNING | Loading weights: 100%|██████████| 199/199 [00:00<00:00, 6532.31it/s, Materializing param=pooler.dense.weight]
2026-02-01 17:09:52 | WARNING | Loading weights: 100%|██████████| 199/199 [00:00<00:00, 6528.89it/s, Materializing param=pooler.dense.weight]
2026-02-01 17:09:52 | WARNING | Loading weights: 100%|██████████| 199/199 [00:00<00:00, 6519.71it/s, Materializing param=pooler.dense.weight]
2026-02-01 17:09:52 | WARNING | XLMRobertaModel LOAD REPORT from: intfloat/multilingual-e5-base
2026-02-01 17:09:52 | WARNING | Key                     | Status     |  | 
2026-02-01 17:09:52 | WARNING | ------------------------+------------+--+-
2026-02-01 17:09:52 | WARNING | embeddings.position_ids | UNEXPECTED |  | 
2026-02-01 17:09:52 | WARNING | Notes:
2026-02-01 17:09:52 | WARNING | - UNEXPECTED	:can be ignored when loading from different task/architecture; not ok if you expect identical arch.
2026-02-01 17:09:52 | WARNING | Embedding:   0%|          | 0/15 [00:00<?, ?it/s]
2026-02-01 17:09:52 | WARNING | Embedding:   7%|▋         | 1/15 [00:02<00:40,  2.88s/it]
2026-02-01 17:09:52 | WARNING | Embedding:  13%|█▎        | 2/15 [00:06<00:42,  3.24s/it]
2026-02-01 17:09:52 | WARNING | Embedding:  20%|██        | 3/15 [00:09<00:37,  3.08s/it]
2026-02-01 17:09:52 | WARNING | Embedding:  27%|██▋       | 4/15 [00:12<00:33,  3.05s/it]
2026-02-01 17:09:52 | WARNING | Embedding:  33%|███▎      | 5/15 [00:15<00:30,  3.06s/it]
2026-02-01 17:09:52 | WARNING | Embedding:  40%|████      | 6/15 [00:18<00:28,  3.12s/it]
2026-02-01 17:09:52 | WARNING | Embedding:  47%|████▋     | 7/15 [00:21<00:25,  3.15s/it]
2026-02-01 17:09:52 | WARNING | Embedding:  53%|█████▎    | 8/15 [00:24<00:21,  3.07s/it]
2026-02-01 17:09:52 | WARNING | Embedding:  60%|██████    | 9/15 [00:27<00:18,  3.08s/it]
2026-02-01 17:09:52 | WARNING | Embedding:  67%|██████▋   | 10/15 [00:30<00:14,  2.97s/it]
2026-02-01 17:09:52 | WARNING | Embedding:  73%|███████▎  | 11/15 [00:33<00:11,  2.87s/it]
2026-02-01 17:09:52 | WARNING | Embedding:  80%|████████  | 12/15 [00:36<00:08,  3.00s/it]
2026-02-01 17:09:52 | WARNING | Embedding:  87%|████████▋ | 13/15 [00:39<00:05,  2.88s/it]
2026-02-01 17:09:52 | WARNING | Embedding:  93%|█████████▎| 14/15 [00:42<00:02,  2.94s/it]
2026-02-01 17:09:52 | WARNING | Embedding: 100%|██████████| 15/15 [00:43<00:00,  2.59s/it]
2026-02-01 17:09:52 | WARNING |                                                           
2026-02-01 17:09:52 | WARNING | Embedding:   0%|          | 0/1 [00:00<?, ?it/s]
2026-02-01 17:09:52 | WARNING |                                                 
2026-02-01 17:09:52 | INFO | [2026-02-01T14:09:52Z] END update rc=0
2026-02-01 17:09:52 | WARNING | STDERR was not empty (see lines above).
2026-02-01 17:09:52 | INFO | SUMMARY:
2026-02-01 17:09:52 | INFO |   new_chunks=2 | chunks_total=930
2026-02-01 17:09:52 | INFO |   index_size=2.8 MiB (2942864 bytes)
2026-02-01 17:09:52 | INFO |   files: +2 ~0 -0
2026-02-01 17:09:52 | INFO |   update_seconds=49.924
